<?xml version="1.0" encoding="UTF-8"?>
<testng-results skipped="0" failed="1" ignored="0" total="2" passed="1">
  <reporter-output>
  </reporter-output>
  <suite name="Default suite" duration-ms="883" started-at="2023-02-25T20:17:33Z" finished-at="2023-02-25T20:17:33Z">
    <groups>
    </groups>
    <test name="Default test" duration-ms="883" started-at="2023-02-25T20:17:33Z" finished-at="2023-02-25T20:17:33Z">
      <class name="org.test.AdactinRunner">
        <test-method status="PASS" signature="test1()[pri:0, instance:org.test.AdactinRunner@3e9b1010]" name="test1" is-config="true" duration-ms="6953" started-at="2023-02-25T20:17:26Z" finished-at="2023-02-25T20:17:33Z">
          <reporter-output>
          </reporter-output>
        </test-method> <!-- test1 -->
        <test-method status="PASS" signature="test2()[pri:0, instance:org.test.AdactinRunner@3e9b1010]" name="test2" duration-ms="36" started-at="2023-02-25T20:17:33Z" finished-at="2023-02-25T20:17:33Z">
          <reporter-output>
          </reporter-output>
        </test-method> <!-- test2 -->
        <test-method status="FAIL" signature="test3(java.lang.String, java.lang.String, java.lang.String, java.lang.String, java.lang.String, java.lang.String, java.lang.String, java.lang.String, java.lang.String, java.lang.String, java.lang.String, java.lang.String, java.lang.String, java.lang.String, java.lang.String)[pri:0, instance:org.test.AdactinRunner@3e9b1010]" name="test3" duration-ms="2" started-at="2023-02-25T20:17:33Z" data-provider="dataPro" finished-at="2023-02-25T20:17:33Z">
          <params>
            <param index="0">
              <value>
                <![CDATA[Alan97566]]>
              </value>
            </param>
            <param index="1">
              <value>
                <![CDATA[alanmani@9759]]>
              </value>
            </param>
            <param index="2">
              <value>
                <![CDATA[Sydney]]>
              </value>
            </param>
            <param index="3">
              <value>
                <![CDATA[Hotel Creek]]>
              </value>
            </param>
            <param index="4">
              <value>
                <![CDATA[Double]]>
              </value>
            </param>
            <param index="5">
              <value>
                <![CDATA[21-Feb-2023]]>
              </value>
            </param>
            <param index="6">
              <value>
                <![CDATA[22-Feb-2023]]>
              </value>
            </param>
            <param index="7">
              <value>
                <![CDATA[Alan]]>
              </value>
            </param>
            <param index="8">
              <value>
                <![CDATA[Mani]]>
              </value>
            </param>
            <param index="9">
              <value>
                <![CDATA[12/28 udaiyaar street naransankupam, thirukazhukundram,anupuram township]]>
              </value>
            </param>
            <param index="10">
              <value>
                <![CDATA[4591150174735080]]>
              </value>
            </param>
            <param index="11">
              <value>
                <![CDATA[VISA]]>
              </value>
            </param>
            <param index="12">
              <value>
                <![CDATA[August]]>
              </value>
            </param>
            <param index="13">
              <value>
                <![CDATA[2022]]>
              </value>
            </param>
            <param index="14">
              <value>
                <![CDATA[455]]>
              </value>
            </param>
          </params>
          <exception class="java.lang.NullPointerException">
            <full-stacktrace>
              <![CDATA[java.lang.NullPointerException
at org.baseclass.BaseClass.sendKeys(BaseClass.java:34)
at org.test.AdactinRunner.test3(AdactinRunner.java:77)
at sun.reflect.NativeMethodAccessorImpl.invoke0(Native Method)
at sun.reflect.NativeMethodAccessorImpl.invoke(Unknown Source)
at sun.reflect.DelegatingMethodAccessorImpl.invoke(Unknown Source)
at java.lang.reflect.Method.invoke(Unknown Source)
at org.testng.internal.MethodInvocationHelper.invokeMethod(MethodInvocationHelper.java:124)
at org.testng.internal.Invoker.invokeMethod(Invoker.java:583)
at org.testng.internal.Invoker.invokeTestMethod(Invoker.java:719)
at org.testng.internal.Invoker.invokeTestMethods(Invoker.java:989)
at org.testng.internal.TestMethodWorker.invokeTestMethods(TestMethodWorker.java:125)
at org.testng.internal.TestMethodWorker.run(TestMethodWorker.java:109)
at org.testng.TestRunner.privateRun(TestRunner.java:648)
at org.testng.TestRunner.run(TestRunner.java:505)
at org.testng.SuiteRunner.runTest(SuiteRunner.java:455)
at org.testng.SuiteRunner.runSequentially(SuiteRunner.java:450)
at org.testng.SuiteRunner.privateRun(SuiteRunner.java:415)
at org.testng.SuiteRunner.run(SuiteRunner.java:364)
at org.testng.SuiteRunnerWorker.runSuite(SuiteRunnerWorker.java:52)
at org.testng.SuiteRunnerWorker.run(SuiteRunnerWorker.java:84)
at org.testng.TestNG.runSuitesSequentially(TestNG.java:1208)
at org.testng.TestNG.runSuitesLocally(TestNG.java:1137)
at org.testng.TestNG.runSuites(TestNG.java:1049)
at org.testng.TestNG.run(TestNG.java:1017)
at org.testng.remote.AbstractRemoteTestNG.run(AbstractRemoteTestNG.java:132)
at org.testng.remote.RemoteTestNG.initAndRun(RemoteTestNG.java:230)
at org.testng.remote.RemoteTestNG.main(RemoteTestNG.java:76)
]]>
            </full-stacktrace>
          </exception> <!-- java.lang.NullPointerException -->
          <reporter-output>
          </reporter-output>
        </test-method> <!-- test3 -->
      </class> <!-- org.test.AdactinRunner -->
    </test> <!-- Default test -->
  </suite> <!-- Default suite -->
</testng-results>
